[debug] [2020-10-03T12:02:47.704Z] ----------------------------------------------------------------------
[debug] [2020-10-03T12:02:47.706Z] Command:       C:\Program Files\nodejs\node.exe C:\Users\Ph3n1x\AppData\Roaming\npm\node_modules\firebase-tools\lib\bin\firebase.js login
[debug] [2020-10-03T12:02:47.706Z] CLI Version:   8.11.2
[debug] [2020-10-03T12:02:47.706Z] Platform:      win32
[debug] [2020-10-03T12:02:47.706Z] Node Version:  v12.18.4
[debug] [2020-10-03T12:02:47.707Z] Time:          Sat Oct 03 2020 17:32:47 GMT+0530 (India Standard Time)
[debug] [2020-10-03T12:02:47.707Z] ----------------------------------------------------------------------
[debug] [2020-10-03T12:02:47.708Z] 
[info] i  Firebase optionally collects CLI usage and error reporting information to help improve our products. Data is collected in accordance with Google's privacy policy (https://policies.google.com/privacy) and is not used to identify you.
 
[info] i  To change your data collection preference at any time, run `firebase logout` and log in again. 
[info] 
[info] Visit this URL on this device to log in:
[info] https://accounts.google.com/o/oauth2/auth?client_id=563584335869-fgrhgmd47bqnekij5i8b5pr03ho849e6.apps.googleusercontent.com&scope=email%20openid%20https%3A%2F%2Fwww.googleapis.com%2Fauth%2Fcloudplatformprojects.readonly%20https%3A%2F%2Fwww.googleapis.com%2Fauth%2Ffirebase%20https%3A%2F%2Fwww.googleapis.com%2Fauth%2Fcloud-platform&response_type=code&state=241122245&redirect_uri=http%3A%2F%2Flocalhost%3A9005
[info] 
[info] Waiting for authentication...
[debug] [2020-10-03T12:02:49.704Z] Error: spawn cmd ENOENT
    at Process.ChildProcess._handle.onexit (internal/child_process.js:267:19)
    at onErrorNT (internal/child_process.js:469:16)
    at processTicksAndRejections (internal/process/task_queues.js:84:21)
[error] 
[error] Error: An unexpected error has occurred.
